[ 2016-01-03T12:38:52+08:00 ] ::1 /www/
INFO: [ app_init ] --START--
INFO: Run Behavior\BuildLiteBehavior [ RunTime:0.000017s ]
INFO: [ app_init ] --END-- [ RunTime:0.020934s ]
INFO: [ app_begin ] --START--
INFO: Run Behavior\ReadHtmlCacheBehavior [ RunTime:0.008108s ]
INFO: [ app_begin ] --END-- [ RunTime:0.008192s ]
INFO: [ view_parse ] --START--
INFO: [ template_filter ] --START--
INFO: Run Behavior\ContentReplaceBehavior [ RunTime:0.000036s ]
INFO: [ template_filter ] --END-- [ RunTime:0.000091s ]
INFO: Run Behavior\ParseTemplateBehavior [ RunTime:0.090124s ]
INFO: [ view_parse ] --END-- [ RunTime:0.090206s ]
INFO: [ view_filter ] --START--
INFO: Run Behavior\WriteHtmlCacheBehavior [ RunTime:0.016757s ]
INFO: [ view_filter ] --END-- [ RunTime:0.016813s ]

[ 2016-01-03T12:38:55+08:00 ] ::1 /www/index.php/Home/Login/login.html
INFO: [ app_init ] --START--
INFO: Run Behavior\BuildLiteBehavior [ RunTime:0.000015s ]
INFO: [ app_init ] --END-- [ RunTime:0.000476s ]
INFO: [ app_begin ] --START--
INFO: Run Behavior\ReadHtmlCacheBehavior [ RunTime:0.000766s ]
INFO: [ app_begin ] --END-- [ RunTime:0.000832s ]
INFO: [ view_parse ] --START--
INFO: [ template_filter ] --START--
INFO: Run Behavior\ContentReplaceBehavior [ RunTime:0.000110s ]
INFO: [ template_filter ] --END-- [ RunTime:0.000207s ]
NOTIC: [8] Use of undefined constant verify - assumed 'verify' E:\Program Files\WAMP\Apache24\htdocs\www\Application\Runtime\Cache\Home\50c9f5d2ef37c2cf131d5cf1381d3a4b.php 第 46 行.
INFO: Run Behavior\ParseTemplateBehavior [ RunTime:0.050160s ]
INFO: [ view_parse ] --END-- [ RunTime:0.050241s ]
INFO: [ view_filter ] --START--
INFO: Run Behavior\WriteHtmlCacheBehavior [ RunTime:0.000656s ]
INFO: [ view_filter ] --END-- [ RunTime:0.000731s ]
INFO: [ app_end ] --START--
INFO: Run Behavior\ShowPageTraceBehavior [ RunTime:0.020826s ]
INFO: [ app_end ] --END-- [ RunTime:0.020926s ]

[ 2016-01-03T12:38:59+08:00 ] ::1 /www/index.php/Home/Login/register.html
INFO: [ app_init ] --START--
INFO: Run Behavior\BuildLiteBehavior [ RunTime:0.000020s ]
INFO: [ app_init ] --END-- [ RunTime:0.000619s ]
INFO: [ app_begin ] --START--
INFO: Run Behavior\ReadHtmlCacheBehavior [ RunTime:0.000809s ]
INFO: [ app_begin ] --END-- [ RunTime:0.000866s ]
INFO: [ view_parse ] --START--
INFO: [ template_filter ] --START--
INFO: Run Behavior\ContentReplaceBehavior [ RunTime:0.000065s ]
INFO: [ template_filter ] --END-- [ RunTime:0.000119s ]
NOTIC: [8] Use of undefined constant verify - assumed 'verify' E:\Program Files\WAMP\Apache24\htdocs\www\Application\Runtime\Cache\Home\524a08806bc29449645d93a7a8f8e680.php 第 63 行.
INFO: Run Behavior\ParseTemplateBehavior [ RunTime:0.045886s ]
INFO: [ view_parse ] --END-- [ RunTime:0.045946s ]
INFO: [ view_filter ] --START--
INFO: Run Behavior\WriteHtmlCacheBehavior [ RunTime:0.000542s ]
INFO: [ view_filter ] --END-- [ RunTime:0.000591s ]
INFO: [ app_end ] --START--
INFO: Run Behavior\ShowPageTraceBehavior [ RunTime:0.000880s ]
INFO: [ app_end ] --END-- [ RunTime:0.000935s ]

[ 2016-01-03T12:39:12+08:00 ] ::1 /www/index.php/Home/Login/register.html
INFO: [ app_init ] --START--
INFO: Run Behavior\BuildLiteBehavior [ RunTime:0.000017s ]
INFO: [ app_init ] --END-- [ RunTime:0.000485s ]
INFO: [ app_begin ] --START--
INFO: Run Behavior\ReadHtmlCacheBehavior [ RunTime:0.000682s ]
INFO: [ app_begin ] --END-- [ RunTime:0.000735s ]
SQL: SHOW COLUMNS FROM `think_users` [ RunTime:0.0096s ]
NOTIC: [8] Undefined index: validate E:\Program Files\WAMP\Apache24\htdocs\www\ThinkPHP\Library\Think\Model.class.php 第 1185 行.
SQL: SELECT * FROM `think_users` WHERE `username` = 'root' LIMIT 1   [ RunTime:0.0004s ]
NOTIC: [8] Undefined index: auto E:\Program Files\WAMP\Apache24\htdocs\www\ThinkPHP\Library\Think\Model.class.php 第 1128 行.
ERR: 1364:Field 'companyid' doesn't have a default value
 [ SQL语句 ] : INSERT INTO `think_users` (`username`,`password`,`regdate`,`regip`) VALUES ('root','e10adc3949ba59abbe56e057f20f883e','1451795952','0.0.0.0')
ERR: 1364:Field 'companyid' doesn't have a default value
 [ SQL语句 ] : INSERT INTO `think_users` (`username`,`password`,`regdate`,`regip`) VALUES ('root','e10adc3949ba59abbe56e057f20f883e','1451795952','0.0.0.0')

[ 2016-01-03T12:42:42+08:00 ] ::1 /www/
INFO: [ app_init ] --START--
INFO: Run Behavior\BuildLiteBehavior [ RunTime:0.000013s ]
INFO: [ app_init ] --END-- [ RunTime:0.000373s ]
INFO: [ app_begin ] --START--
INFO: Run Behavior\ReadHtmlCacheBehavior [ RunTime:0.000659s ]
INFO: [ app_begin ] --END-- [ RunTime:0.000711s ]
INFO: [ view_parse ] --START--
INFO: [ template_filter ] --START--
INFO: Run Behavior\ContentReplaceBehavior [ RunTime:0.000034s ]
INFO: [ template_filter ] --END-- [ RunTime:0.000091s ]
INFO: Run Behavior\ParseTemplateBehavior [ RunTime:0.006340s ]
INFO: [ view_parse ] --END-- [ RunTime:0.006391s ]
INFO: [ view_filter ] --START--
INFO: Run Behavior\WriteHtmlCacheBehavior [ RunTime:0.000421s ]
INFO: [ view_filter ] --END-- [ RunTime:0.000458s ]

[ 2016-01-03T12:42:45+08:00 ] ::1 /www/index.php/Home/Login/login.html
INFO: [ app_init ] --START--
INFO: Run Behavior\BuildLiteBehavior [ RunTime:0.000014s ]
INFO: [ app_init ] --END-- [ RunTime:0.000366s ]
INFO: [ app_begin ] --START--
INFO: Run Behavior\ReadHtmlCacheBehavior [ RunTime:0.000584s ]
INFO: [ app_begin ] --END-- [ RunTime:0.000625s ]
INFO: [ view_parse ] --START--
INFO: [ template_filter ] --START--
INFO: Run Behavior\ContentReplaceBehavior [ RunTime:0.000076s ]
INFO: [ template_filter ] --END-- [ RunTime:0.000131s ]
NOTIC: [8] Use of undefined constant verify - assumed 'verify' E:\Program Files\WAMP\Apache24\htdocs\www\Application\Runtime\Cache\Home\50c9f5d2ef37c2cf131d5cf1381d3a4b.php 第 46 行.
INFO: Run Behavior\ParseTemplateBehavior [ RunTime:0.006556s ]
INFO: [ view_parse ] --END-- [ RunTime:0.006603s ]
INFO: [ view_filter ] --START--
INFO: Run Behavior\WriteHtmlCacheBehavior [ RunTime:0.000408s ]
INFO: [ view_filter ] --END-- [ RunTime:0.000443s ]
INFO: [ app_end ] --START--
INFO: Run Behavior\ShowPageTraceBehavior [ RunTime:0.000586s ]
INFO: [ app_end ] --END-- [ RunTime:0.000624s ]

[ 2016-01-03T12:42:47+08:00 ] ::1 /www/index.php/Home/Login/register.html
INFO: [ app_init ] --START--
INFO: Run Behavior\BuildLiteBehavior [ RunTime:0.000015s ]
INFO: [ app_init ] --END-- [ RunTime:0.000401s ]
INFO: [ app_begin ] --START--
INFO: Run Behavior\ReadHtmlCacheBehavior [ RunTime:0.000951s ]
INFO: [ app_begin ] --END-- [ RunTime:0.001050s ]
INFO: [ view_parse ] --START--
INFO: [ template_filter ] --START--
INFO: Run Behavior\ContentReplaceBehavior [ RunTime:0.000087s ]
INFO: [ template_filter ] --END-- [ RunTime:0.000150s ]
NOTIC: [8] Use of undefined constant verify - assumed 'verify' E:\Program Files\WAMP\Apache24\htdocs\www\Application\Runtime\Cache\Home\524a08806bc29449645d93a7a8f8e680.php 第 63 行.
INFO: Run Behavior\ParseTemplateBehavior [ RunTime:0.014035s ]
INFO: [ view_parse ] --END-- [ RunTime:0.014101s ]
INFO: [ view_filter ] --START--
INFO: Run Behavior\WriteHtmlCacheBehavior [ RunTime:0.000487s ]
INFO: [ view_filter ] --END-- [ RunTime:0.000539s ]
INFO: [ app_end ] --START--
INFO: Run Behavior\ShowPageTraceBehavior [ RunTime:0.000721s ]
INFO: [ app_end ] --END-- [ RunTime:0.000764s ]

[ 2016-01-03T12:43:03+08:00 ] ::1 /www/index.php/Home/Login/register.html
INFO: [ app_init ] --START--
INFO: Run Behavior\BuildLiteBehavior [ RunTime:0.000013s ]
INFO: [ app_init ] --END-- [ RunTime:0.000327s ]
INFO: [ app_begin ] --START--
INFO: Run Behavior\ReadHtmlCacheBehavior [ RunTime:0.000574s ]
INFO: [ app_begin ] --END-- [ RunTime:0.000620s ]
SQL: SHOW COLUMNS FROM `think_users` [ RunTime:0.0018s ]
NOTIC: [8] Undefined index: validate E:\Program Files\WAMP\Apache24\htdocs\www\ThinkPHP\Library\Think\Model.class.php 第 1185 行.
SQL: SELECT * FROM `think_users` WHERE `username` = 'root' LIMIT 1   [ RunTime:0.0006s ]
NOTIC: [8] Undefined index: auto E:\Program Files\WAMP\Apache24\htdocs\www\ThinkPHP\Library\Think\Model.class.php 第 1128 行.
SQL: INSERT INTO `think_users` (`username`,`password`,`regdate`,`regip`) VALUES ('root','e10adc3949ba59abbe56e057f20f883e','1451796183','0.0.0.0') [ RunTime:0.0005s ]
SQL: UPDATE `think_users` SET `companyid`='5' WHERE ( userid = 5 ) [ RunTime:0.0004s ]
INFO: [ view_parse ] --START--
INFO: [ template_filter ] --START--
INFO: Run Behavior\ContentReplaceBehavior [ RunTime:0.000060s ]
INFO: [ template_filter ] --END-- [ RunTime:0.000148s ]
INFO: Run Behavior\ParseTemplateBehavior [ RunTime:0.010417s ]
INFO: [ view_parse ] --END-- [ RunTime:0.010564s ]
INFO: [ view_filter ] --START--
INFO: Run Behavior\WriteHtmlCacheBehavior [ RunTime:0.001118s ]
INFO: [ view_filter ] --END-- [ RunTime:0.001233s ]
INFO: [ app_end ] --START--
INFO: Run Behavior\ShowPageTraceBehavior [ RunTime:0.001344s ]
INFO: [ app_end ] --END-- [ RunTime:0.001466s ]

[ 2016-01-03T12:43:05+08:00 ] ::1 /www/index.php/Home/Index/index.html
INFO: [ app_init ] --START--
INFO: Run Behavior\BuildLiteBehavior [ RunTime:0.000015s ]
INFO: [ app_init ] --END-- [ RunTime:0.000407s ]
INFO: [ app_begin ] --START--
INFO: Run Behavior\ReadHtmlCacheBehavior [ RunTime:0.000681s ]
INFO: [ app_begin ] --END-- [ RunTime:0.000733s ]
INFO: [ view_parse ] --START--
INFO: [ template_filter ] --START--
INFO: Run Behavior\ContentReplaceBehavior [ RunTime:0.000056s ]
INFO: [ template_filter ] --END-- [ RunTime:0.000144s ]
INFO: Run Behavior\ParseTemplateBehavior [ RunTime:0.007629s ]
INFO: [ view_parse ] --END-- [ RunTime:0.007693s ]
INFO: [ view_filter ] --START--
INFO: Run Behavior\WriteHtmlCacheBehavior [ RunTime:0.000480s ]
INFO: [ view_filter ] --END-- [ RunTime:0.000522s ]

[ 2016-01-03T12:43:08+08:00 ] ::1 /www/index.php/Home/Login/login.html
INFO: [ app_init ] --START--
INFO: Run Behavior\BuildLiteBehavior [ RunTime:0.000021s ]
INFO: [ app_init ] --END-- [ RunTime:0.000523s ]
INFO: [ app_begin ] --START--
INFO: Run Behavior\ReadHtmlCacheBehavior [ RunTime:0.000620s ]
INFO: [ app_begin ] --END-- [ RunTime:0.000675s ]
INFO: [ view_parse ] --START--
INFO: [ template_filter ] --START--
INFO: Run Behavior\ContentReplaceBehavior [ RunTime:0.000055s ]
INFO: [ template_filter ] --END-- [ RunTime:0.000099s ]
NOTIC: [8] Use of undefined constant verify - assumed 'verify' E:\Program Files\WAMP\Apache24\htdocs\www\Application\Runtime\Cache\Home\50c9f5d2ef37c2cf131d5cf1381d3a4b.php 第 46 行.
INFO: Run Behavior\ParseTemplateBehavior [ RunTime:0.006011s ]
INFO: [ view_parse ] --END-- [ RunTime:0.006057s ]
INFO: [ view_filter ] --START--
INFO: Run Behavior\WriteHtmlCacheBehavior [ RunTime:0.000379s ]
INFO: [ view_filter ] --END-- [ RunTime:0.000414s ]
INFO: [ app_end ] --START--
INFO: Run Behavior\ShowPageTraceBehavior [ RunTime:0.000570s ]
INFO: [ app_end ] --END-- [ RunTime:0.000608s ]

[ 2016-01-03T12:43:16+08:00 ] ::1 /www/index.php/Home/Login/login.html
INFO: [ app_init ] --START--
INFO: Run Behavior\BuildLiteBehavior [ RunTime:0.000013s ]
INFO: [ app_init ] --END-- [ RunTime:0.000345s ]
INFO: [ app_begin ] --START--
INFO: Run Behavior\ReadHtmlCacheBehavior [ RunTime:0.000615s ]
INFO: [ app_begin ] --END-- [ RunTime:0.000671s ]
SQL: SHOW COLUMNS FROM `think_users` [ RunTime:0.0060s ]
NOTIC: [8] Undefined index: validate E:\Program Files\WAMP\Apache24\htdocs\www\ThinkPHP\Library\Think\Model.class.php 第 1185 行.
NOTIC: [8] Undefined index: auto E:\Program Files\WAMP\Apache24\htdocs\www\ThinkPHP\Library\Think\Model.class.php 第 1128 行.
SQL: SELECT `userid`,`username`,`password`,`lastdate`,`lastip` FROM `think_users` WHERE `username` = 'root' LIMIT 1   [ RunTime:0.0003s ]
SQL: SHOW COLUMNS FROM `think_users` [ RunTime:0.0006s ]
SQL: UPDATE `think_users` SET `loginnum`=loginnum+1 WHERE `username` = 'root' AND `userid` = 5 [ RunTime:0.0003s ]
SQL: UPDATE `think_users` SET `username`='root',`password`='e10adc3949ba59abbe56e057f20f883e',`lastdate`='1451796196',`lastip`='0.0.0.0' WHERE `username` = 'root' AND `userid` = 5 [ RunTime:0.0002s ]
INFO: [ view_parse ] --START--
INFO: [ template_filter ] --START--
INFO: Run Behavior\ContentReplaceBehavior [ RunTime:0.000040s ]
INFO: [ template_filter ] --END-- [ RunTime:0.000109s ]
INFO: Run Behavior\ParseTemplateBehavior [ RunTime:0.006664s ]
INFO: [ view_parse ] --END-- [ RunTime:0.006720s ]
INFO: [ view_filter ] --START--
INFO: Run Behavior\WriteHtmlCacheBehavior [ RunTime:0.000390s ]
INFO: [ view_filter ] --END-- [ RunTime:0.000429s ]
INFO: [ app_end ] --START--
INFO: Run Behavior\ShowPageTraceBehavior [ RunTime:0.000599s ]
INFO: [ app_end ] --END-- [ RunTime:0.000638s ]

[ 2016-01-03T12:43:17+08:00 ] ::1 /www/index.php/Home/Index/index.html
INFO: [ app_init ] --START--
INFO: Run Behavior\BuildLiteBehavior [ RunTime:0.000018s ]
INFO: [ app_init ] --END-- [ RunTime:0.000637s ]
INFO: [ app_begin ] --START--
INFO: Run Behavior\ReadHtmlCacheBehavior [ RunTime:0.000919s ]
INFO: [ app_begin ] --END-- [ RunTime:0.001022s ]
SQL: SHOW COLUMNS FROM `think_users` [ RunTime:0.0072s ]
SQL: SELECT `loginnum` FROM `think_users` LIMIT 1   [ RunTime:0.0003s ]
INFO: [ view_parse ] --START--
INFO: [ template_filter ] --START--
INFO: Run Behavior\ContentReplaceBehavior [ RunTime:0.000357s ]
INFO: [ template_filter ] --END-- [ RunTime:0.000447s ]
NOTIC: [8192] mysql_get_server_info(): The mysql extension is deprecated and will be removed in the future: use mysqli or PDO instead E:\Program Files\WAMP\Apache24\htdocs\www\Application\Runtime\Cache\Home\2a94b8bda04ff446dcedd42276fc99ee.php 第 364 行.
NOTIC: [2] mysql_get_server_info(): Access denied for user ''@'localhost' (using password: NO) E:\Program Files\WAMP\Apache24\htdocs\www\Application\Runtime\Cache\Home\2a94b8bda04ff446dcedd42276fc99ee.php 第 364 行.
NOTIC: [2] mysql_get_server_info(): A link to the server could not be established E:\Program Files\WAMP\Apache24\htdocs\www\Application\Runtime\Cache\Home\2a94b8bda04ff446dcedd42276fc99ee.php 第 364 行.
INFO: Run Behavior\ParseTemplateBehavior [ RunTime:0.082328s ]
INFO: [ view_parse ] --END-- [ RunTime:0.082393s ]
INFO: [ view_filter ] --START--
INFO: Run Behavior\WriteHtmlCacheBehavior [ RunTime:0.000644s ]
INFO: [ view_filter ] --END-- [ RunTime:0.000690s ]
INFO: [ app_end ] --START--
INFO: Run Behavior\ShowPageTraceBehavior [ RunTime:0.001256s ]
INFO: [ app_end ] --END-- [ RunTime:0.001353s ]

[ 2016-01-03T12:43:33+08:00 ] ::1 /www/index.php/Home/widgets.html
INFO: [ app_init ] --START--
INFO: Run Behavior\BuildLiteBehavior [ RunTime:0.000016s ]
INFO: [ app_init ] --END-- [ RunTime:0.000433s ]
INFO: [ app_begin ] --START--
INFO: Run Behavior\ReadHtmlCacheBehavior [ RunTime:0.000674s ]
INFO: [ app_begin ] --END-- [ RunTime:0.000723s ]
ERR: 无法加载控制器:Widgets

[ 2016-01-03T20:59:12+08:00 ] ::1 /www/
INFO: [ app_init ] --START--
INFO: Run Behavior\BuildLiteBehavior [ RunTime:0.000037s ]
INFO: [ app_init ] --END-- [ RunTime:0.034839s ]
INFO: [ app_begin ] --START--
INFO: Run Behavior\ReadHtmlCacheBehavior [ RunTime:0.024607s ]
INFO: [ app_begin ] --END-- [ RunTime:0.024771s ]
INFO: [ view_parse ] --START--
INFO: [ template_filter ] --START--
INFO: Run Behavior\ContentReplaceBehavior [ RunTime:0.000048s ]
INFO: [ template_filter ] --END-- [ RunTime:0.000112s ]
INFO: Run Behavior\ParseTemplateBehavior [ RunTime:0.191465s ]
INFO: [ view_parse ] --END-- [ RunTime:0.191607s ]
INFO: [ view_filter ] --START--
INFO: Run Behavior\WriteHtmlCacheBehavior [ RunTime:0.020391s ]
INFO: [ view_filter ] --END-- [ RunTime:0.020449s ]

[ 2016-01-03T20:59:15+08:00 ] ::1 /www/index.php/Home/Login/login.html
INFO: [ app_init ] --START--
INFO: Run Behavior\BuildLiteBehavior [ RunTime:0.000012s ]
INFO: [ app_init ] --END-- [ RunTime:0.000285s ]
INFO: [ app_begin ] --START--
INFO: Run Behavior\ReadHtmlCacheBehavior [ RunTime:0.000367s ]
INFO: [ app_begin ] --END-- [ RunTime:0.000405s ]
INFO: [ view_parse ] --START--
INFO: [ template_filter ] --START--
INFO: Run Behavior\ContentReplaceBehavior [ RunTime:0.000197s ]
INFO: [ template_filter ] --END-- [ RunTime:0.000401s ]
NOTIC: [8] Use of undefined constant verify - assumed 'verify' E:\Program Files\WAMP\Apache24\htdocs\www\Application\Runtime\Cache\Home\50c9f5d2ef37c2cf131d5cf1381d3a4b.php 第 46 行.
INFO: Run Behavior\ParseTemplateBehavior [ RunTime:0.044646s ]
INFO: [ view_parse ] --END-- [ RunTime:0.044744s ]
INFO: [ view_filter ] --START--
INFO: Run Behavior\WriteHtmlCacheBehavior [ RunTime:0.000713s ]
INFO: [ view_filter ] --END-- [ RunTime:0.000802s ]
INFO: [ app_end ] --START--
INFO: Run Behavior\ShowPageTraceBehavior [ RunTime:0.034764s ]
INFO: [ app_end ] --END-- [ RunTime:0.034918s ]

